<?xml version="1.0" encoding="UTF-8"?>
<testsuite xmlns:xsi="http://www.w3.org/2001/XMLSchema-instance" xsi:noNamespaceSchemaLocation="https://maven.apache.org/surefire/maven-surefire-plugin/xsd/surefire-test-report.xsd" name="com.adriens.AppTest" time="0.018" tests="1" errors="0" skipped="0" failures="0">
  <properties>
    <property name="sun.desktop" value="gnome"/>
    <property name="awt.toolkit" value="sun.awt.X11.XToolkit"/>
    <property name="java.specification.version" value="11"/>
    <property name="sun.cpu.isalist" value=""/>
    <property name="sun.jnu.encoding" value="UTF-8"/>
    <property name="java.class.path" value="/home/gbertherat/person-counter/target/test-classes:/home/gbertherat/person-counter/target/classes:/home/gbertherat/.m2/repository/junit/junit/4.11/junit-4.11.jar:/home/gbertherat/.m2/repository/org/hamcrest/hamcrest-core/1.3/hamcrest-core-1.3.jar:/home/gbertherat/.m2/repository/ai/djl/api/0.4.0/api-0.4.0.jar:/home/gbertherat/.m2/repository/net/java/dev/jna/jna/5.3.0/jna-5.3.0.jar:/home/gbertherat/.m2/repository/ai/djl/repository/0.4.0/repository-0.4.0.jar:/home/gbertherat/.m2/repository/com/google/code/gson/gson/2.8.5/gson-2.8.5.jar:/home/gbertherat/.m2/repository/ai/djl/pytorch/pytorch-model-zoo/0.4.0/pytorch-model-zoo-0.4.0.jar:/home/gbertherat/.m2/repository/ai/djl/pytorch/pytorch-engine/0.4.0/pytorch-engine-0.4.0.jar:/home/gbertherat/.m2/repository/org/slf4j/slf4j-api/1.7.5/slf4j-api-1.7.5.jar:/home/gbertherat/.m2/repository/org/slf4j/slf4j-simple/1.6.4/slf4j-simple-1.6.4.jar:/home/gbertherat/.m2/repository/ai/djl/pytorch/pytorch-native-auto/1.4.0/pytorch-native-auto-1.4.0.jar:"/>
    <property name="java.vm.vendor" value="Ubuntu"/>
    <property name="sun.arch.data.model" value="64"/>
    <property name="java.vendor.url" value="https://ubuntu.com/"/>
    <property name="user.timezone" value=""/>
    <property name="java.vm.specification.version" value="11"/>
    <property name="os.name" value="Linux"/>
    <property name="sun.java.launcher" value="SUN_STANDARD"/>
    <property name="user.country" value="FR"/>
    <property name="sun.boot.library.path" value="/usr/lib/jvm/java-11-openjdk-amd64/lib"/>
    <property name="sun.java.command" value="/home/gbertherat/person-counter/target/surefire/surefirebooter6099283405806133977.jar /home/gbertherat/person-counter/target/surefire 2020-11-04T10-14-46_073-jvmRun1 surefire9638706217322403910tmp surefire_013020493403063164639tmp"/>
    <property name="jdk.debug" value="release"/>
    <property name="surefire.test.class.path" value="/home/gbertherat/person-counter/target/test-classes:/home/gbertherat/person-counter/target/classes:/home/gbertherat/.m2/repository/junit/junit/4.11/junit-4.11.jar:/home/gbertherat/.m2/repository/org/hamcrest/hamcrest-core/1.3/hamcrest-core-1.3.jar:/home/gbertherat/.m2/repository/ai/djl/api/0.4.0/api-0.4.0.jar:/home/gbertherat/.m2/repository/net/java/dev/jna/jna/5.3.0/jna-5.3.0.jar:/home/gbertherat/.m2/repository/ai/djl/repository/0.4.0/repository-0.4.0.jar:/home/gbertherat/.m2/repository/com/google/code/gson/gson/2.8.5/gson-2.8.5.jar:/home/gbertherat/.m2/repository/ai/djl/pytorch/pytorch-model-zoo/0.4.0/pytorch-model-zoo-0.4.0.jar:/home/gbertherat/.m2/repository/ai/djl/pytorch/pytorch-engine/0.4.0/pytorch-engine-0.4.0.jar:/home/gbertherat/.m2/repository/org/slf4j/slf4j-api/1.7.5/slf4j-api-1.7.5.jar:/home/gbertherat/.m2/repository/org/slf4j/slf4j-simple/1.6.4/slf4j-simple-1.6.4.jar:/home/gbertherat/.m2/repository/ai/djl/pytorch/pytorch-native-auto/1.4.0/pytorch-native-auto-1.4.0.jar:"/>
    <property name="sun.cpu.endian" value="little"/>
    <property name="user.home" value="/home/gbertherat"/>
    <property name="user.language" value="fr"/>
    <property name="java.specification.vendor" value="Oracle Corporation"/>
    <property name="java.version.date" value="2020-10-20"/>
    <property name="java.home" value="/usr/lib/jvm/java-11-openjdk-amd64"/>
    <property name="file.separator" value="/"/>
    <property name="basedir" value="/home/gbertherat/person-counter"/>
    <property name="java.vm.compressedOopsMode" value="Zero based"/>
    <property name="line.separator" value="&#10;"/>
    <property name="java.specification.name" value="Java Platform API Specification"/>
    <property name="java.vm.specification.vendor" value="Oracle Corporation"/>
    <property name="java.awt.graphicsenv" value="sun.awt.X11GraphicsEnvironment"/>
    <property name="surefire.real.class.path" value="/home/gbertherat/person-counter/target/surefire/surefirebooter6099283405806133977.jar"/>
    <property name="sun.management.compiler" value="HotSpot 64-Bit Tiered Compilers"/>
    <property name="java.runtime.version" value="11.0.9+11-Ubuntu-0ubuntu1.20.04"/>
    <property name="user.name" value="gbertherat"/>
    <property name="path.separator" value=":"/>
    <property name="os.version" value="5.4.0-52-generic"/>
    <property name="java.runtime.name" value="OpenJDK Runtime Environment"/>
    <property name="file.encoding" value="UTF-8"/>
    <property name="java.vm.name" value="OpenJDK 64-Bit Server VM"/>
    <property name="localRepository" value="/home/gbertherat/.m2/repository"/>
    <property name="java.vendor.url.bug" value="https://bugs.launchpad.net/ubuntu/+source/openjdk-lts"/>
    <property name="java.io.tmpdir" value="/tmp"/>
    <property name="java.version" value="11.0.9"/>
    <property name="user.dir" value="/home/gbertherat/person-counter"/>
    <property name="os.arch" value="amd64"/>
    <property name="java.vm.specification.name" value="Java Virtual Machine Specification"/>
    <property name="java.awt.printerjob" value="sun.print.PSPrinterJob"/>
    <property name="sun.os.patch.level" value="unknown"/>
    <property name="java.library.path" value="/usr/java/packages/lib:/usr/lib/x86_64-linux-gnu/jni:/lib/x86_64-linux-gnu:/usr/lib/x86_64-linux-gnu:/usr/lib/jni:/lib:/usr/lib"/>
    <property name="java.vm.info" value="mixed mode"/>
    <property name="java.vendor" value="Ubuntu"/>
    <property name="java.vm.version" value="11.0.9+11-Ubuntu-0ubuntu1.20.04"/>
    <property name="sun.io.unicode.encoding" value="UnicodeLittle"/>
    <property name="java.class.version" value="55.0"/>
  </properties>
  <testcase name="shouldAnswerWithTrue" classname="com.adriens.AppTest" time="0.001"/>
</testsuite>